{
  "stats": {
    "suites": 4,
    "tests": 20,
    "passes": 20,
    "pending": 0,
    "failures": 0,
    "start": "2023-04-07T17:10:47.267Z",
    "end": "2023-04-07T17:21:02.397Z",
    "duration": 615130,
    "testsRegistered": 20,
    "passPercent": 100,
    "pendingPercent": 0,
    "other": 0,
    "hasOther": false,
    "skipped": 0,
    "hasSkipped": false
  },
  "results": [
    {
      "uuid": "1052f49a-0285-4d56-a3af-5854c0325697",
      "title": "",
      "fullFile": "cypress\\e2e\\New_SIM_Registration\\CLM_SIM_Reg.cy.js",
      "file": "cypress\\e2e\\New_SIM_Registration\\CLM_SIM_Reg.cy.js",
      "beforeHooks": [],
      "afterHooks": [],
      "tests": [],
      "suites": [
        {
          "uuid": "c00cc154-5746-4d78-ad77-a3d250a63874",
          "title": "New SIM Registration Customer360",
          "fullFile": "",
          "file": "",
          "beforeHooks": [],
          "afterHooks": [],
          "tests": [
            {
              "title": "TC007_Validate that the subscriber is available on CLM Using Customer360_MSISDN",
              "fullTitle": "New SIM Registration Customer360 TC007_Validate that the subscriber is available on CLM Using Customer360_MSISDN",
              "timedOut": null,
              "duration": 77642,
              "state": "passed",
              "speed": "slow",
              "pass": true,
              "fail": false,
              "pending": false,
              "context": null,
              "code": "subscribersearch_PO.SearchRegCustomer(data1.TC007.CustView, data1.TC007.CustOptions, data1.TC007.value);",
              "err": {},
              "uuid": "503309fa-867b-4a5e-aae5-c7d3e46c4b08",
              "parentUUID": "c00cc154-5746-4d78-ad77-a3d250a63874",
              "isHook": false,
              "skipped": false
            },
            {
              "title": "TC008_Validate that the subscriber is available on CLM Using Customer360_Customer ID",
              "fullTitle": "New SIM Registration Customer360 TC008_Validate that the subscriber is available on CLM Using Customer360_Customer ID",
              "timedOut": null,
              "duration": 49389,
              "state": "passed",
              "speed": "slow",
              "pass": true,
              "fail": false,
              "pending": false,
              "context": null,
              "code": "subscribersearch_PO.SearchRegCustomer(data1.TC008.CustView, data1.TC008.CustOptions, data1.TC008.value);",
              "err": {},
              "uuid": "9eb93ba9-cbfc-45ef-be6c-7534ad2d273c",
              "parentUUID": "c00cc154-5746-4d78-ad77-a3d250a63874",
              "isHook": false,
              "skipped": false
            },
            {
              "title": "TC009_Validate that the subscriber is available on CLM Using Customer360_AccountID",
              "fullTitle": "New SIM Registration Customer360 TC009_Validate that the subscriber is available on CLM Using Customer360_AccountID",
              "timedOut": null,
              "duration": 35540,
              "state": "passed",
              "speed": "slow",
              "pass": true,
              "fail": false,
              "pending": false,
              "context": null,
              "code": "subscribersearch_PO.SearchRegCustomer(data1.TC009.CustView, data1.TC009.CustOptions, data1.TC009.value);",
              "err": {},
              "uuid": "acb8e94c-4f7c-4782-8868-f341badd4691",
              "parentUUID": "c00cc154-5746-4d78-ad77-a3d250a63874",
              "isHook": false,
              "skipped": false
            },
            {
              "title": "TC010_Validate that the subscriber is available on CLM using Customer360_SIM Number",
              "fullTitle": "New SIM Registration Customer360 TC010_Validate that the subscriber is available on CLM using Customer360_SIM Number",
              "timedOut": null,
              "duration": 22939,
              "state": "passed",
              "speed": "slow",
              "pass": true,
              "fail": false,
              "pending": false,
              "context": null,
              "code": "subscribersearch_PO.SearchRegCustomer(data1.TC010.CustView, data1.TC010.CustOptions, data1.TC010.value);",
              "err": {},
              "uuid": "00d0c80c-48e0-49f6-88c1-0f1e1a29ce5a",
              "parentUUID": "c00cc154-5746-4d78-ad77-a3d250a63874",
              "isHook": false,
              "skipped": false
            },
            {
              "title": "TC026_Validate that the subscriber is available on CLM using Customer360_Customer Name",
              "fullTitle": "New SIM Registration Customer360 TC026_Validate that the subscriber is available on CLM using Customer360_Customer Name",
              "timedOut": null,
              "duration": 32598,
              "state": "passed",
              "speed": "slow",
              "pass": true,
              "fail": false,
              "pending": false,
              "context": null,
              "code": "subscribersearch_PO.SearchRegCustomer(data1.TC026.CustView, data1.TC026.CustOptions, data1.TC026.value);",
              "err": {},
              "uuid": "1a2c1407-974c-4cd5-ab59-ba4a7d6b8e67",
              "parentUUID": "c00cc154-5746-4d78-ad77-a3d250a63874",
              "isHook": false,
              "skipped": false
            }
          ],
          "suites": [],
          "passes": [
            "503309fa-867b-4a5e-aae5-c7d3e46c4b08",
            "9eb93ba9-cbfc-45ef-be6c-7534ad2d273c",
            "acb8e94c-4f7c-4782-8868-f341badd4691",
            "00d0c80c-48e0-49f6-88c1-0f1e1a29ce5a",
            "1a2c1407-974c-4cd5-ab59-ba4a7d6b8e67"
          ],
          "failures": [],
          "pending": [],
          "skipped": [],
          "duration": 218108,
          "root": false,
          "rootEmpty": false,
          "_timeout": 2000
        },
        {
          "uuid": "e05823b1-fabf-4771-94c4-4b5a8c5d7fae",
          "title": "New SIM Registration SimSwap",
          "fullFile": "",
          "file": "",
          "beforeHooks": [],
          "afterHooks": [],
          "tests": [
            {
              "title": "TC011_Validate that the subscriber is available on CLM using SimSwap_CustomerName",
              "fullTitle": "New SIM Registration SimSwap TC011_Validate that the subscriber is available on CLM using SimSwap_CustomerName",
              "timedOut": null,
              "duration": 32381,
              "state": "passed",
              "speed": "slow",
              "pass": true,
              "fail": false,
              "pending": false,
              "context": null,
              "code": "subscribersearch_PO.SearchRegCustomer(data1.TC011.CustView, data1.TC011.CustOptions, data1.TC011.value);",
              "err": {},
              "uuid": "2a181e3a-bf73-4f85-8251-dff50fd94e21",
              "parentUUID": "e05823b1-fabf-4771-94c4-4b5a8c5d7fae",
              "isHook": false,
              "skipped": false
            },
            {
              "title": "TC012_Validate that the subscriber is available on CLM via SimSwap_CustomerID",
              "fullTitle": "New SIM Registration SimSwap TC012_Validate that the subscriber is available on CLM via SimSwap_CustomerID",
              "timedOut": null,
              "duration": 25595,
              "state": "passed",
              "speed": "slow",
              "pass": true,
              "fail": false,
              "pending": false,
              "context": null,
              "code": "subscribersearch_PO.SearchRegCustomer(data1.TC012.CustView, data1.TC012.CustOptions, data1.TC012.value);",
              "err": {},
              "uuid": "269610e8-83a3-40a6-ac90-7b79d6d4d356",
              "parentUUID": "e05823b1-fabf-4771-94c4-4b5a8c5d7fae",
              "isHook": false,
              "skipped": false
            },
            {
              "title": "TC013_Validate that the subscriber is available on CLM using  SimSwap_Old/New AccountID",
              "fullTitle": "New SIM Registration SimSwap TC013_Validate that the subscriber is available on CLM using  SimSwap_Old/New AccountID",
              "timedOut": null,
              "duration": 22483,
              "state": "passed",
              "speed": "slow",
              "pass": true,
              "fail": false,
              "pending": false,
              "context": null,
              "code": "subscribersearch_PO.SearchRegCustomer(data1.TC013.CustView, data1.TC013.CustOptions, data1.TC013.value);",
              "err": {},
              "uuid": "9184525a-b311-4b5f-b8cb-6748269047b5",
              "parentUUID": "e05823b1-fabf-4771-94c4-4b5a8c5d7fae",
              "isHook": false,
              "skipped": false
            },
            {
              "title": "TC014_Validate that the subscriber is available on CLM using SimSwap_MSISDN",
              "fullTitle": "New SIM Registration SimSwap TC014_Validate that the subscriber is available on CLM using SimSwap_MSISDN",
              "timedOut": null,
              "duration": 28810,
              "state": "passed",
              "speed": "slow",
              "pass": true,
              "fail": false,
              "pending": false,
              "context": null,
              "code": "subscribersearch_PO.SearchRegCustomer(data1.TC014.CustView, data1.TC014.CustOptions, data1.TC014.value);",
              "err": {},
              "uuid": "32fe143e-81cd-4f0d-afa4-a49d2bf6cf21",
              "parentUUID": "e05823b1-fabf-4771-94c4-4b5a8c5d7fae",
              "isHook": false,
              "skipped": false
            },
            {
              "title": "TC015_Validate that the subscriber is available on CLM using SimSwap_SIMNumber",
              "fullTitle": "New SIM Registration SimSwap TC015_Validate that the subscriber is available on CLM using SimSwap_SIMNumber",
              "timedOut": null,
              "duration": 29356,
              "state": "passed",
              "speed": "slow",
              "pass": true,
              "fail": false,
              "pending": false,
              "context": null,
              "code": "subscribersearch_PO.SearchRegCustomer(data1.TC015.CustView, data1.TC015.CustOptions, data1.TC015.value);",
              "err": {},
              "uuid": "58eef422-90f7-4f61-ba5a-6e33f48cc184",
              "parentUUID": "e05823b1-fabf-4771-94c4-4b5a8c5d7fae",
              "isHook": false,
              "skipped": false
            }
          ],
          "suites": [],
          "passes": [
            "2a181e3a-bf73-4f85-8251-dff50fd94e21",
            "269610e8-83a3-40a6-ac90-7b79d6d4d356",
            "9184525a-b311-4b5f-b8cb-6748269047b5",
            "32fe143e-81cd-4f0d-afa4-a49d2bf6cf21",
            "58eef422-90f7-4f61-ba5a-6e33f48cc184"
          ],
          "failures": [],
          "pending": [],
          "skipped": [],
          "duration": 138625,
          "root": false,
          "rootEmpty": false,
          "_timeout": 2000
        },
        {
          "uuid": "28656f62-b2b4-4053-8466-a9f70ae4b5b1",
          "title": "New SIM Registration PukRetrieval",
          "fullFile": "",
          "file": "",
          "beforeHooks": [],
          "afterHooks": [],
          "tests": [
            {
              "title": "TC016_Validate that the subscriber is available on CLM using PukRetrieval_Customer Name",
              "fullTitle": "New SIM Registration PukRetrieval TC016_Validate that the subscriber is available on CLM using PukRetrieval_Customer Name",
              "timedOut": null,
              "duration": 25394,
              "state": "passed",
              "speed": "slow",
              "pass": true,
              "fail": false,
              "pending": false,
              "context": null,
              "code": "subscribersearch_PO.SearchRegCustomer(data1.TC016.CustView, data1.TC016.CustOptions, data1.TC016.value);",
              "err": {},
              "uuid": "ca340a08-10bb-4ba7-9ff7-fb020eaa0a73",
              "parentUUID": "28656f62-b2b4-4053-8466-a9f70ae4b5b1",
              "isHook": false,
              "skipped": false
            },
            {
              "title": "TC017_Validate that the subscriber is available on CLM using PukRetrieval_CustomerID",
              "fullTitle": "New SIM Registration PukRetrieval TC017_Validate that the subscriber is available on CLM using PukRetrieval_CustomerID",
              "timedOut": null,
              "duration": 26625,
              "state": "passed",
              "speed": "slow",
              "pass": true,
              "fail": false,
              "pending": false,
              "context": null,
              "code": "subscribersearch_PO.SearchRegCustomer(data1.TC017.CustView, data1.TC017.CustOptions, data1.TC017.value);",
              "err": {},
              "uuid": "c060abe8-4f88-4562-a0aa-c2f0c0f16a08",
              "parentUUID": "28656f62-b2b4-4053-8466-a9f70ae4b5b1",
              "isHook": false,
              "skipped": false
            },
            {
              "title": "TC018_Validate that the subscriber is available on CLM using PukRetrieval_AccountID",
              "fullTitle": "New SIM Registration PukRetrieval TC018_Validate that the subscriber is available on CLM using PukRetrieval_AccountID",
              "timedOut": null,
              "duration": 32112,
              "state": "passed",
              "speed": "slow",
              "pass": true,
              "fail": false,
              "pending": false,
              "context": null,
              "code": "subscribersearch_PO.SearchRegCustomer(data1.TC018.CustView, data1.TC018.CustOptions, data1.TC018.value);",
              "err": {},
              "uuid": "fef432fa-c0d7-4531-97d3-373290b9ca14",
              "parentUUID": "28656f62-b2b4-4053-8466-a9f70ae4b5b1",
              "isHook": false,
              "skipped": false
            },
            {
              "title": "TC019_Validate that the subscriber is available on CLM using PukRetrieval_MSISDN",
              "fullTitle": "New SIM Registration PukRetrieval TC019_Validate that the subscriber is available on CLM using PukRetrieval_MSISDN",
              "timedOut": null,
              "duration": 26409,
              "state": "passed",
              "speed": "slow",
              "pass": true,
              "fail": false,
              "pending": false,
              "context": null,
              "code": "subscribersearch_PO.SearchRegCustomer(data1.TC019.CustView, data1.TC019.CustOptions, data1.TC019.value);",
              "err": {},
              "uuid": "8b0dcd92-4e34-4111-bdfc-3eab6642e707",
              "parentUUID": "28656f62-b2b4-4053-8466-a9f70ae4b5b1",
              "isHook": false,
              "skipped": false
            },
            {
              "title": "TC020_Validate that the subscriber is available on CLM using PukRetrieval_SIM Number",
              "fullTitle": "New SIM Registration PukRetrieval TC020_Validate that the subscriber is available on CLM using PukRetrieval_SIM Number",
              "timedOut": null,
              "duration": 22596,
              "state": "passed",
              "speed": "slow",
              "pass": true,
              "fail": false,
              "pending": false,
              "context": null,
              "code": "subscribersearch_PO.SearchRegCustomer(data1.TC020.CustView, data1.TC020.CustOptions, data1.TC020.value);",
              "err": {},
              "uuid": "6f82af75-6341-41a0-b81b-53c59cdce4be",
              "parentUUID": "28656f62-b2b4-4053-8466-a9f70ae4b5b1",
              "isHook": false,
              "skipped": false
            }
          ],
          "suites": [],
          "passes": [
            "ca340a08-10bb-4ba7-9ff7-fb020eaa0a73",
            "c060abe8-4f88-4562-a0aa-c2f0c0f16a08",
            "fef432fa-c0d7-4531-97d3-373290b9ca14",
            "8b0dcd92-4e34-4111-bdfc-3eab6642e707",
            "6f82af75-6341-41a0-b81b-53c59cdce4be"
          ],
          "failures": [],
          "pending": [],
          "skipped": [],
          "duration": 133136,
          "root": false,
          "rootEmpty": false,
          "_timeout": 2000
        },
        {
          "uuid": "d30d4ff1-ace6-47d5-a425-73d2118413b9",
          "title": "New SIM Registration Vas",
          "fullFile": "",
          "file": "",
          "beforeHooks": [],
          "afterHooks": [],
          "tests": [
            {
              "title": "TC021_Validate that the subscriber is available on CLM using Vas_Customer Name",
              "fullTitle": "New SIM Registration Vas TC021_Validate that the subscriber is available on CLM using Vas_Customer Name",
              "timedOut": null,
              "duration": 26214,
              "state": "passed",
              "speed": "slow",
              "pass": true,
              "fail": false,
              "pending": false,
              "context": null,
              "code": "subscribersearch_PO.SearchRegCustomer(data1.TC021.CustView, data1.TC021.CustOptions, data1.TC021.value);",
              "err": {},
              "uuid": "6d2fb13d-1aea-44dd-94b4-dbd11cbd2357",
              "parentUUID": "d30d4ff1-ace6-47d5-a425-73d2118413b9",
              "isHook": false,
              "skipped": false
            },
            {
              "title": "TC022_Validate that the subscriber is available on CLM using Vas_CustomerID",
              "fullTitle": "New SIM Registration Vas TC022_Validate that the subscriber is available on CLM using Vas_CustomerID",
              "timedOut": null,
              "duration": 23548,
              "state": "passed",
              "speed": "slow",
              "pass": true,
              "fail": false,
              "pending": false,
              "context": null,
              "code": "subscribersearch_PO.SearchRegCustomer(data1.TC022.CustView, data1.TC022.CustOptions, data1.TC022.value);",
              "err": {},
              "uuid": "24d54743-1a21-478d-88ae-a4e4db046bcb",
              "parentUUID": "d30d4ff1-ace6-47d5-a425-73d2118413b9",
              "isHook": false,
              "skipped": false
            },
            {
              "title": "TC023_Validate that the subscriber is available on CLM using Vas_AccountID",
              "fullTitle": "New SIM Registration Vas TC023_Validate that the subscriber is available on CLM using Vas_AccountID",
              "timedOut": null,
              "duration": 23392,
              "state": "passed",
              "speed": "slow",
              "pass": true,
              "fail": false,
              "pending": false,
              "context": null,
              "code": "subscribersearch_PO.SearchRegCustomer(data1.TC023.CustView, data1.TC023.CustOptions, data1.TC023.value);",
              "err": {},
              "uuid": "93a0e070-3ea9-446e-8f1b-d13ca80b149d",
              "parentUUID": "d30d4ff1-ace6-47d5-a425-73d2118413b9",
              "isHook": false,
              "skipped": false
            },
            {
              "title": "TC024_Validate that the subscriber is available on CLM using Vas_MSISDN",
              "fullTitle": "New SIM Registration Vas TC024_Validate that the subscriber is available on CLM using Vas_MSISDN",
              "timedOut": null,
              "duration": 23547,
              "state": "passed",
              "speed": "slow",
              "pass": true,
              "fail": false,
              "pending": false,
              "context": null,
              "code": "subscribersearch_PO.SearchRegCustomer(data1.TC024.CustView, data1.TC024.CustOptions, data1.TC024.value);",
              "err": {},
              "uuid": "15e9c810-2102-4abd-9a17-92cea5a68501",
              "parentUUID": "d30d4ff1-ace6-47d5-a425-73d2118413b9",
              "isHook": false,
              "skipped": false
            },
            {
              "title": "TC025_Validate that the subscriber is available on CLM using Vas_SIMNumber",
              "fullTitle": "New SIM Registration Vas TC025_Validate that the subscriber is available on CLM using Vas_SIMNumber",
              "timedOut": null,
              "duration": 24330,
              "state": "passed",
              "speed": "slow",
              "pass": true,
              "fail": false,
              "pending": false,
              "context": null,
              "code": "subscribersearch_PO.SearchRegCustomer(data1.TC025.CustView, data1.TC025.CustOptions, data1.TC025.value);",
              "err": {},
              "uuid": "5b7587b1-d49d-4960-8907-18940245349e",
              "parentUUID": "d30d4ff1-ace6-47d5-a425-73d2118413b9",
              "isHook": false,
              "skipped": false
            }
          ],
          "suites": [],
          "passes": [
            "6d2fb13d-1aea-44dd-94b4-dbd11cbd2357",
            "24d54743-1a21-478d-88ae-a4e4db046bcb",
            "93a0e070-3ea9-446e-8f1b-d13ca80b149d",
            "15e9c810-2102-4abd-9a17-92cea5a68501",
            "5b7587b1-d49d-4960-8907-18940245349e"
          ],
          "failures": [],
          "pending": [],
          "skipped": [],
          "duration": 121031,
          "root": false,
          "rootEmpty": false,
          "_timeout": 2000
        }
      ],
      "passes": [],
      "failures": [],
      "pending": [],
      "skipped": [],
      "duration": 0,
      "root": true,
      "rootEmpty": true,
      "_timeout": 2000
    }
  ],
  "meta": {
    "mocha": {
      "version": "7.0.1"
    },
    "mochawesome": {
      "options": {
        "quiet": false,
        "reportFilename": "mochawesome",
        "saveHtml": false,
        "saveJson": true,
        "consoleReporter": "spec",
        "useInlineDiffs": false,
        "code": true
      },
      "version": "7.1.3"
    },
    "marge": {
      "options": {
        "id": "default",
        "reportDir": "cypress/reports/mochawesome-report",
        "quite": true,
        "overwrite": false,
        "html": false,
        "json": true
      },
      "version": "6.2.0"
    }
  }
}