{
  "stats": {
    "suites": 1,
    "tests": 6,
    "passes": 6,
    "pending": 0,
    "failures": 0,
    "start": "2023-04-07T17:08:44.737Z",
    "end": "2023-04-07T17:10:25.274Z",
    "duration": 100537,
    "testsRegistered": 6,
    "passPercent": 100,
    "pendingPercent": 0,
    "other": 0,
    "hasOther": false,
    "skipped": 0,
    "hasSkipped": false
  },
  "results": [
    {
      "uuid": "b9c0acd1-d1b5-435c-8e9b-70e0af812008",
      "title": "",
      "fullFile": "cypress\\e2e\\Login\\CLM_Login.cy.js",
      "file": "cypress\\e2e\\Login\\CLM_Login.cy.js",
      "beforeHooks": [],
      "afterHooks": [],
      "tests": [],
      "suites": [
        {
          "uuid": "4bc1065d-0f5a-434e-98b6-97fd95a9cee9",
          "title": "Login Scenarios",
          "fullFile": "",
          "file": "",
          "beforeHooks": [],
          "afterHooks": [],
          "tests": [
            {
              "title": "TC_001_Verify that a user with a valid username and a valid password can login",
              "fullTitle": "Login Scenarios TC_001_Verify that a user with a valid username and a valid password can login",
              "timedOut": null,
              "duration": 73819,
              "state": "passed",
              "speed": "slow",
              "pass": true,
              "fail": false,
              "pending": false,
              "context": null,
              "code": "login_PO.login(data.login.validdataset1.username, data.login.validdataset1.password);",
              "err": {},
              "uuid": "237fe97d-c6f4-4a83-bf08-1375446dea11",
              "parentUUID": "4bc1065d-0f5a-434e-98b6-97fd95a9cee9",
              "isHook": false,
              "skipped": false
            },
            {
              "title": "TC_002_Verify that a user with invalid username and a valid password can not login",
              "fullTitle": "Login Scenarios TC_002_Verify that a user with invalid username and a valid password can not login",
              "timedOut": null,
              "duration": 6152,
              "state": "passed",
              "speed": "medium",
              "pass": true,
              "fail": false,
              "pending": false,
              "context": null,
              "code": "login_PO.invalid(data.login.invaliddataset1.username, data.login.invaliddataset1.password);",
              "err": {},
              "uuid": "41b32944-5ec9-46ae-99ed-47e66d6eaffc",
              "parentUUID": "4bc1065d-0f5a-434e-98b6-97fd95a9cee9",
              "isHook": false,
              "skipped": false
            },
            {
              "title": "TC_003_Verify that a user with a valid username and invalid password can not login",
              "fullTitle": "Login Scenarios TC_003_Verify that a user with a valid username and invalid password can not login",
              "timedOut": null,
              "duration": 4674,
              "state": "passed",
              "speed": "fast",
              "pass": true,
              "fail": false,
              "pending": false,
              "context": null,
              "code": "login_PO.invalid(data.login.invaliddataset2.username, data.login.invaliddataset2.password);",
              "err": {},
              "uuid": "39c54cb9-96cf-4fad-ba30-35fe8aef94a2",
              "parentUUID": "4bc1065d-0f5a-434e-98b6-97fd95a9cee9",
              "isHook": false,
              "skipped": false
            },
            {
              "title": "TC_004_Verify that a user with a invalid username and invalid password can not login",
              "fullTitle": "Login Scenarios TC_004_Verify that a user with a invalid username and invalid password can not login",
              "timedOut": null,
              "duration": 4026,
              "state": "passed",
              "speed": "fast",
              "pass": true,
              "fail": false,
              "pending": false,
              "context": null,
              "code": "login_PO.invalid(data.login.invaliddataset3.username, data.login.invaliddataset3.password);",
              "err": {},
              "uuid": "28e579dd-d1ae-4bfc-95c6-1c6f06842493",
              "parentUUID": "4bc1065d-0f5a-434e-98b6-97fd95a9cee9",
              "isHook": false,
              "skipped": false
            },
            {
              "title": "TC_005_Verify that a user can not login when username and password fields are blank",
              "fullTitle": "Login Scenarios TC_005_Verify that a user can not login when username and password fields are blank",
              "timedOut": null,
              "duration": 4257,
              "state": "passed",
              "speed": "fast",
              "pass": true,
              "fail": false,
              "pending": false,
              "context": null,
              "code": "login_PO.blankfields();",
              "err": {},
              "uuid": "d5dfa9b8-f462-4212-9a5f-613905d7509c",
              "parentUUID": "4bc1065d-0f5a-434e-98b6-97fd95a9cee9",
              "isHook": false,
              "skipped": false
            },
            {
              "title": "TC_006_Verify the forgot password link",
              "fullTitle": "Login Scenarios TC_006_Verify the forgot password link",
              "timedOut": null,
              "duration": 4569,
              "state": "passed",
              "speed": "fast",
              "pass": true,
              "fail": false,
              "pending": false,
              "context": null,
              "code": "login_PO.forgotPasswordl();",
              "err": {},
              "uuid": "2e1c56bb-e19e-4cc8-88b6-a0359dcd1b73",
              "parentUUID": "4bc1065d-0f5a-434e-98b6-97fd95a9cee9",
              "isHook": false,
              "skipped": false
            }
          ],
          "suites": [],
          "passes": [
            "237fe97d-c6f4-4a83-bf08-1375446dea11",
            "41b32944-5ec9-46ae-99ed-47e66d6eaffc",
            "39c54cb9-96cf-4fad-ba30-35fe8aef94a2",
            "28e579dd-d1ae-4bfc-95c6-1c6f06842493",
            "d5dfa9b8-f462-4212-9a5f-613905d7509c",
            "2e1c56bb-e19e-4cc8-88b6-a0359dcd1b73"
          ],
          "failures": [],
          "pending": [],
          "skipped": [],
          "duration": 97497,
          "root": false,
          "rootEmpty": false,
          "_timeout": 2000
        }
      ],
      "passes": [],
      "failures": [],
      "pending": [],
      "skipped": [],
      "duration": 0,
      "root": true,
      "rootEmpty": true,
      "_timeout": 2000
    }
  ],
  "meta": {
    "mocha": {
      "version": "7.0.1"
    },
    "mochawesome": {
      "options": {
        "quiet": false,
        "reportFilename": "mochawesome",
        "saveHtml": false,
        "saveJson": true,
        "consoleReporter": "spec",
        "useInlineDiffs": false,
        "code": true
      },
      "version": "7.1.3"
    },
    "marge": {
      "options": {
        "id": "default",
        "reportDir": "cypress/reports/mochawesome-report",
        "quite": true,
        "overwrite": false,
        "html": false,
        "json": true
      },
      "version": "6.2.0"
    }
  }
}